

times in msec
 clock   self+sourced   self:  sourced script
 clock   elapsed:              other lines

000.007  000.007: --- NVIM STARTING ---
000.507  000.500: locale set
001.122  000.615: inits 1
001.136  000.014: window checked
001.570  000.434: parsing arguments
001.573  000.003: expanding arguments
001.626  000.053: inits 2
001.743  000.117: init highlight
003.863  001.867  001.867: sourcing /Users/samuelbernheim/.config/nvim/autoload/plug.vim
025.280  000.052  000.052: sourcing /Users/samuelbernheim/.local/share/nvim/plugged/vim-javascript-syntax/ftdetect/javascript.vim
025.447  018.933  018.881: sourcing /usr/local/Cellar/neovim/0.1.7/share/nvim/runtime/filetype.vim
025.666  000.040  000.040: sourcing /usr/local/Cellar/neovim/0.1.7/share/nvim/runtime/ftplugin.vim
025.870  000.038  000.038: sourcing /usr/local/Cellar/neovim/0.1.7/share/nvim/runtime/indent.vim
026.465  000.194  000.194: sourcing /usr/local/Cellar/neovim/0.1.7/share/nvim/runtime/syntax/syncolor.vim
026.568  000.440  000.247: sourcing /usr/local/Cellar/neovim/0.1.7/share/nvim/runtime/syntax/synload.vim
026.600  000.647  000.206: sourcing /usr/local/Cellar/neovim/0.1.7/share/nvim/runtime/syntax/syntax.vim
026.875  000.167  000.167: sourcing /usr/local/Cellar/neovim/0.1.7/share/nvim/runtime/syntax/nosyntax.vim
027.336  000.154  000.154: sourcing /usr/local/Cellar/neovim/0.1.7/share/nvim/runtime/syntax/syncolor.vim
027.440  000.416  000.262: sourcing /usr/local/Cellar/neovim/0.1.7/share/nvim/runtime/syntax/synload.vim
027.474  000.813  000.229: sourcing /usr/local/Cellar/neovim/0.1.7/share/nvim/runtime/syntax/syntax.vim
027.735  000.166  000.166: sourcing /usr/local/Cellar/neovim/0.1.7/share/nvim/runtime/syntax/nosyntax.vim
028.221  000.188  000.188: sourcing /usr/local/Cellar/neovim/0.1.7/share/nvim/runtime/syntax/syncolor.vim
028.328  000.447  000.259: sourcing /usr/local/Cellar/neovim/0.1.7/share/nvim/runtime/syntax/synload.vim
028.359  000.839  000.225: sourcing /usr/local/Cellar/neovim/0.1.7/share/nvim/runtime/syntax/syntax.vim
028.784  000.189  000.189: sourcing /usr/local/Cellar/neovim/0.1.7/share/nvim/runtime/syntax/syncolor.vim
029.306  000.182  000.182: sourcing /usr/local/Cellar/neovim/0.1.7/share/nvim/runtime/syntax/syncolor.vim
029.744  000.194  000.194: sourcing /usr/local/Cellar/neovim/0.1.7/share/nvim/runtime/syntax/syncolor.vim
034.847  005.981  005.605: sourcing /Users/samuelbernheim/.config/nvim/colors/neodark.vim
035.612  000.141  000.141: sourcing /Users/samuelbernheim/.local/share/nvim/plugged/vim-airline/autoload/airline/init.vim
036.173  000.130  000.130: sourcing /Users/samuelbernheim/.local/share/nvim/plugged/vim-airline/autoload/airline/parts.vim
036.781  001.433  001.163: sourcing /Users/samuelbernheim/.local/share/nvim/plugged/vim-airline/autoload/airline/section.vim
037.483  035.552  004.773: sourcing /Users/samuelbernheim/.config/nvim/init.vim
037.492  000.197: sourcing vimrc file(s)
039.437  000.543  000.543: sourcing /usr/local/Cellar/neovim/0.1.7/share/nvim/runtime/autoload/provider/pythonx.vim
107.153  000.336  000.336: sourcing /usr/local/Cellar/neovim/0.1.7/share/nvim/runtime/autoload/remote/host.vim
107.294  068.712  067.833: sourcing /usr/local/Cellar/neovim/0.1.7/share/nvim/runtime/autoload/provider/python.vim
108.167  000.627  000.627: sourcing /Users/samuelbernheim/.local/share/nvim/plugged/YouCompleteMe/autoload/youcompleteme.vim
599.914  562.029  492.691: sourcing /Users/samuelbernheim/.local/share/nvim/plugged/YouCompleteMe/plugin/youcompleteme.vim
600.735  000.155  000.155: sourcing /Users/samuelbernheim/.local/share/nvim/plugged/nerdtree/autoload/nerdtree.vim
602.037  000.547  000.547: sourcing /Users/samuelbernheim/.local/share/nvim/plugged/nerdtree/lib/nerdtree/path.vim
602.256  000.131  000.131: sourcing /Users/samuelbernheim/.local/share/nvim/plugged/nerdtree/lib/nerdtree/menu_controller.vim
602.400  000.082  000.082: sourcing /Users/samuelbernheim/.local/share/nvim/plugged/nerdtree/lib/nerdtree/menu_item.vim
602.570  000.111  000.111: sourcing /Users/samuelbernheim/.local/share/nvim/plugged/nerdtree/lib/nerdtree/key_map.vim
602.858  000.202  000.202: sourcing /Users/samuelbernheim/.local/share/nvim/plugged/nerdtree/lib/nerdtree/bookmark.vim
603.159  000.236  000.236: sourcing /Users/samuelbernheim/.local/share/nvim/plugged/nerdtree/lib/nerdtree/tree_file_node.vim
603.614  000.386  000.386: sourcing /Users/samuelbernheim/.local/share/nvim/plugged/nerdtree/lib/nerdtree/tree_dir_node.vim
603.962  000.285  000.285: sourcing /Users/samuelbernheim/.local/share/nvim/plugged/nerdtree/lib/nerdtree/opener.vim
604.453  000.361  000.361: sourcing /Users/samuelbernheim/.local/share/nvim/plugged/nerdtree/lib/nerdtree/creator.vim
604.589  000.061  000.061: sourcing /Users/samuelbernheim/.local/share/nvim/plugged/nerdtree/lib/nerdtree/flag_set.vim
604.791  000.140  000.140: sourcing /Users/samuelbernheim/.local/share/nvim/plugged/nerdtree/lib/nerdtree/nerdtree.vim
605.233  000.384  000.384: sourcing /Users/samuelbernheim/.local/share/nvim/plugged/nerdtree/lib/nerdtree/ui.vim
605.336  000.028  000.028: sourcing /Users/samuelbernheim/.local/share/nvim/plugged/nerdtree/lib/nerdtree/event.vim
605.441  000.046  000.046: sourcing /Users/samuelbernheim/.local/share/nvim/plugged/nerdtree/lib/nerdtree/notifier.vim
605.971  000.448  000.448: sourcing /Users/samuelbernheim/.local/share/nvim/plugged/nerdtree/autoload/nerdtree/ui_glue.vim
620.871  000.110  000.110: sourcing /Users/samuelbernheim/.local/share/nvim/plugged/nerdtree/nerdtree_plugin/exec_menuitem.vim
621.466  000.554  000.554: sourcing /Users/samuelbernheim/.local/share/nvim/plugged/nerdtree/nerdtree_plugin/fs_menu.vim
621.824  021.706  017.442: sourcing /Users/samuelbernheim/.local/share/nvim/plugged/nerdtree/plugin/NERD_tree.vim
626.748  004.805  004.805: sourcing /Users/samuelbernheim/.local/share/nvim/plugged/nerdcommenter/plugin/NERD_commenter.vim
633.229  006.346  006.346: sourcing /Users/samuelbernheim/.local/share/nvim/plugged/vim-easymotion/plugin/EasyMotion.vim
634.832  000.658  000.658: sourcing /Users/samuelbernheim/.local/share/nvim/plugged/delimitMate/autoload/delimitMate.vim
637.394  004.013  003.356: sourcing /Users/samuelbernheim/.local/share/nvim/plugged/delimitMate/plugin/delimitMate.vim
638.194  000.171  000.171: sourcing /Users/samuelbernheim/.local/share/nvim/plugged/vim-gitgutter/autoload/gitgutter/highlight.vim
639.156  001.609  001.439: sourcing /Users/samuelbernheim/.local/share/nvim/plugged/vim-gitgutter/plugin/gitgutter.vim
640.370  001.067  001.067: sourcing /usr/local/opt/fzf/plugin/fzf.vim
641.463  000.966  000.966: sourcing /Users/samuelbernheim/.local/share/nvim/plugged/fzf.vim/plugin/fzf.vim
641.728  000.119  000.119: sourcing /Users/samuelbernheim/.local/share/nvim/plugged/vim-trailing-whitespace/plugin/trailing-whitespace.vim
645.889  004.053  004.053: sourcing /Users/samuelbernheim/.local/share/nvim/plugged/vim-fugitive/plugin/fugitive.vim
646.448  000.163  000.163: sourcing /Users/samuelbernheim/.local/share/nvim/plugged/vim-airline/autoload/airline.vim
646.675  000.609  000.446: sourcing /Users/samuelbernheim/.local/share/nvim/plugged/vim-airline/plugin/airline.vim
646.806  000.017  000.017: sourcing /Users/samuelbernheim/.local/share/nvim/plugged/vim-airline-themes/plugin/airline-themes.vim
647.424  000.238  000.238: sourcing /Users/samuelbernheim/.local/share/nvim/plugged/ctrlp.vim/autoload/ctrlp/mrufiles.vim
647.565  000.657  000.418: sourcing /Users/samuelbernheim/.local/share/nvim/plugged/ctrlp.vim/plugin/ctrlp.vim
648.176  000.209  000.209: sourcing /usr/local/Cellar/neovim/0.1.7/share/nvim/runtime/plugin/gzip.vim
648.222  000.009  000.009: sourcing /usr/local/Cellar/neovim/0.1.7/share/nvim/runtime/plugin/health.vim
648.313  000.061  000.061: sourcing /usr/local/Cellar/neovim/0.1.7/share/nvim/runtime/plugin/man.vim
648.927  000.580  000.580: sourcing /usr/local/Cellar/neovim/0.1.7/share/nvim/runtime/plugin/matchit.vim
649.144  000.177  000.177: sourcing /usr/local/Cellar/neovim/0.1.7/share/nvim/runtime/plugin/matchparen.vim
649.702  000.522  000.522: sourcing /usr/local/Cellar/neovim/0.1.7/share/nvim/runtime/plugin/netrwPlugin.vim
649.852  000.086  000.086: sourcing /usr/local/Cellar/neovim/0.1.7/share/nvim/runtime/plugin/rplugin.vim
649.949  000.018  000.018: sourcing /usr/local/Cellar/neovim/0.1.7/share/nvim/runtime/plugin/rrhelper.vim
650.108  000.116  000.116: sourcing /usr/local/Cellar/neovim/0.1.7/share/nvim/runtime/plugin/shada.vim
650.183  000.029  000.029: sourcing /usr/local/Cellar/neovim/0.1.7/share/nvim/runtime/plugin/spellfile.vim
650.391  000.159  000.159: sourcing /usr/local/Cellar/neovim/0.1.7/share/nvim/runtime/plugin/tarPlugin.vim
650.533  000.097  000.097: sourcing /usr/local/Cellar/neovim/0.1.7/share/nvim/runtime/plugin/tohtml.vim
650.597  000.020  000.020: sourcing /usr/local/Cellar/neovim/0.1.7/share/nvim/runtime/plugin/tutor.vim
650.892  000.254  000.254: sourcing /usr/local/Cellar/neovim/0.1.7/share/nvim/runtime/plugin/zipPlugin.vim
650.978  003.151: loading plugins
651.191  000.213: loading packages
651.201  000.010: inits 3
652.418  001.218: reading ShaDa
654.120  001.702: clearing screen
656.576  000.474  000.474: sourcing /Users/samuelbernheim/.local/share/nvim/plugged/vim-airline/autoload/airline/extensions.vim
656.998  000.102  000.102: sourcing /Users/samuelbernheim/.local/share/nvim/plugged/vim-airline/autoload/airline/extensions/quickfix.vim
657.401  000.074  000.074: sourcing /Users/samuelbernheim/.local/share/nvim/plugged/vim-airline/autoload/airline/extensions/netrw.vim
657.873  000.091  000.091: sourcing /Users/samuelbernheim/.local/share/nvim/plugged/vim-airline/autoload/airline/extensions/ctrlp.vim
658.230  000.108  000.108: sourcing /Users/samuelbernheim/.local/share/nvim/plugged/vim-airline/autoload/airline/extensions/hunks.vim
658.819  000.316  000.316: sourcing /Users/samuelbernheim/.local/share/nvim/plugged/vim-airline/autoload/airline/extensions/branch.vim
659.263  000.052  000.052: sourcing /Users/samuelbernheim/.local/share/nvim/plugged/vim-airline/autoload/airline/extensions/wordcount.vim
659.685  000.170  000.170: sourcing /Users/samuelbernheim/.local/share/nvim/plugged/vim-airline/autoload/airline/extensions/tabline.vim
659.906  000.061  000.061: sourcing /Users/samuelbernheim/.local/share/nvim/plugged/vim-airline/autoload/airline/extensions/tabline/autoshow.vim
660.324  000.118  000.118: sourcing /Users/samuelbernheim/.local/share/nvim/plugged/vim-airline/autoload/airline/extensions/tabline/tabs.vim
660.733  000.211  000.211: sourcing /Users/samuelbernheim/.local/share/nvim/plugged/vim-airline/autoload/airline/extensions/tabline/buffers.vim
661.086  000.138  000.138: sourcing /Users/samuelbernheim/.local/share/nvim/plugged/vim-airline/autoload/airline/extensions/tabline/ctrlspace.vim
663.369  000.199  000.199: sourcing /Users/samuelbernheim/.local/share/nvim/plugged/vim-airline/autoload/airline/highlighter.vim
664.833  000.064  000.064: sourcing /Users/samuelbernheim/.local/share/nvim/plugged/vim-airline/autoload/airline/themes.vim
665.099  000.501  000.437: sourcing /Users/samuelbernheim/.local/share/nvim/plugged/vim-airline-themes/autoload/airline/themes/bubblegum.vim
672.867  000.134  000.134: sourcing /Users/samuelbernheim/.local/share/nvim/plugged/vim-airline/autoload/airline/util.vim
677.181  000.161  000.161: sourcing /Users/samuelbernheim/.local/share/nvim/plugged/vim-airline/autoload/airline/builder.vim
677.657  000.114  000.114: sourcing /Users/samuelbernheim/.local/share/nvim/plugged/vim-airline/autoload/airline/extensions/default.vim
700.165  043.022: opening buffers
708.430  000.334  000.334: sourcing /Users/samuelbernheim/.local/share/nvim/plugged/vim-gitgutter/autoload/gitgutter.vim
709.268  000.421  000.421: sourcing /Users/samuelbernheim/.local/share/nvim/plugged/vim-gitgutter/autoload/gitgutter/utility.vim
710.062  000.291  000.291: sourcing /Users/samuelbernheim/.local/share/nvim/plugged/vim-gitgutter/autoload/gitgutter/hunk.vim
710.423  009.212: BufEnter autocommands
710.441  000.019: editing files in windows
720.584  000.301  000.301: sourcing /Users/samuelbernheim/.local/share/nvim/plugged/nerdtree/syntax/nerdtree.vim
754.252  043.510: VimEnter autocommands
754.261  000.009: before starting main loop
755.765  000.121  000.121: sourcing /Users/samuelbernheim/.local/share/nvim/plugged/vim-airline/autoload/airline/extensions/tabline/buflist.vim
756.731  000.145  000.145: sourcing /Users/samuelbernheim/.local/share/nvim/plugged/vim-airline/autoload/airline/extensions/tabline/formatters/default.vim
802.605  048.078: first screen update
802.609  000.004: --- NVIM STARTED ---
