

times in msec
 clock   self+sourced   self:  sourced script
 clock   elapsed:              other lines

000.006  000.006: --- VIM STARTING ---
000.093  000.087: Allocated generic buffers
000.341  000.248: locale set
000.344  000.003: clipboard setup
000.352  000.008: window checked
000.819  000.467: inits 1
000.823  000.004: parsing arguments
000.824  000.001: expanding arguments
004.936  004.112: shell init
005.250  000.314: Termcap init
005.267  000.017: inits 2
005.410  000.143: init highlight
007.632  001.884  001.884: sourcing /Users/samuelbernheim/.vim/autoload/plug.vim
027.432  000.050  000.050: sourcing /Users/samuelbernheim/.vim/plugged/vim-javascript-syntax/ftdetect/javascript.vim
027.564  017.192  017.142: sourcing /usr/local/share/vim/vim80/filetype.vim
027.757  000.039  000.039: sourcing /usr/local/share/vim/vim80/ftplugin.vim
027.937  000.037  000.037: sourcing /usr/local/share/vim/vim80/indent.vim
029.107  000.792  000.792: sourcing /usr/local/share/vim/vim80/syntax/syncolor.vim
029.206  001.029  000.237: sourcing /usr/local/share/vim/vim80/syntax/synload.vim
029.238  001.227  000.198: sourcing /usr/local/share/vim/vim80/syntax/syntax.vim
029.512  000.169  000.169: sourcing /usr/local/Cellar/vim/8.0.0425/share/vim/vim80/syntax/nosyntax.vim
029.896  000.136  000.136: sourcing /usr/local/share/vim/vim80/syntax/syncolor.vim
029.987  000.354  000.218: sourcing /usr/local/share/vim/vim80/syntax/synload.vim
030.016  000.721  000.198: sourcing /usr/local/share/vim/vim80/syntax/syntax.vim
030.263  000.160  000.160: sourcing /usr/local/Cellar/vim/8.0.0425/share/vim/vim80/syntax/nosyntax.vim
030.671  000.165  000.165: sourcing /usr/local/share/vim/vim80/syntax/syncolor.vim
030.762  000.381  000.216: sourcing /usr/local/share/vim/vim80/syntax/synload.vim
030.791  000.733  000.192: sourcing /usr/local/share/vim/vim80/syntax/syntax.vim
031.342  000.299  000.299: sourcing /usr/local/share/vim/vim80/syntax/syncolor.vim
031.963  000.207  000.207: sourcing /usr/local/share/vim/vim80/syntax/syncolor.vim
032.379  000.203  000.203: sourcing /usr/local/share/vim/vim80/syntax/syncolor.vim
034.884  003.419  003.009: sourcing /Users/samuelbernheim/.vim/colors/neodark.vim
035.514  000.118  000.118: sourcing /Users/samuelbernheim/.vim/plugged/vim-airline/autoload/airline/init.vim
036.060  000.163  000.163: sourcing /Users/samuelbernheim/.vim/plugged/vim-airline/autoload/airline/parts.vim
036.679  001.390  001.109: sourcing /Users/samuelbernheim/.vim/plugged/vim-airline/autoload/airline/section.vim
037.327  031.655  004.714: sourcing $HOME/.vimrc
037.332  000.267: sourcing vimrc file(s)
038.304  000.594  000.594: sourcing /Users/samuelbernheim/.vim/plugged/YouCompleteMe/autoload/youcompleteme.vim
258.151  220.675  220.081: sourcing /Users/samuelbernheim/.vim/plugged/YouCompleteMe/plugin/youcompleteme.vim
258.902  000.144  000.144: sourcing /Users/samuelbernheim/.vim/plugged/nerdtree/autoload/nerdtree.vim
260.091  000.477  000.477: sourcing /Users/samuelbernheim/.vim/plugged/nerdtree/lib/nerdtree/path.vim
260.284  000.132  000.132: sourcing /Users/samuelbernheim/.vim/plugged/nerdtree/lib/nerdtree/menu_controller.vim
260.420  000.082  000.082: sourcing /Users/samuelbernheim/.vim/plugged/nerdtree/lib/nerdtree/menu_item.vim
260.578  000.106  000.106: sourcing /Users/samuelbernheim/.vim/plugged/nerdtree/lib/nerdtree/key_map.vim
260.828  000.199  000.199: sourcing /Users/samuelbernheim/.vim/plugged/nerdtree/lib/nerdtree/bookmark.vim
261.145  000.260  000.260: sourcing /Users/samuelbernheim/.vim/plugged/nerdtree/lib/nerdtree/tree_file_node.vim
261.595  000.386  000.386: sourcing /Users/samuelbernheim/.vim/plugged/nerdtree/lib/nerdtree/tree_dir_node.vim
261.857  000.207  000.207: sourcing /Users/samuelbernheim/.vim/plugged/nerdtree/lib/nerdtree/opener.vim
262.149  000.238  000.238: sourcing /Users/samuelbernheim/.vim/plugged/nerdtree/lib/nerdtree/creator.vim
262.268  000.057  000.057: sourcing /Users/samuelbernheim/.vim/plugged/nerdtree/lib/nerdtree/flag_set.vim
262.462  000.140  000.140: sourcing /Users/samuelbernheim/.vim/plugged/nerdtree/lib/nerdtree/nerdtree.vim
262.868  000.326  000.326: sourcing /Users/samuelbernheim/.vim/plugged/nerdtree/lib/nerdtree/ui.vim
262.951  000.028  000.028: sourcing /Users/samuelbernheim/.vim/plugged/nerdtree/lib/nerdtree/event.vim
263.071  000.070  000.070: sourcing /Users/samuelbernheim/.vim/plugged/nerdtree/lib/nerdtree/notifier.vim
263.709  000.521  000.521: sourcing /Users/samuelbernheim/.vim/plugged/nerdtree/autoload/nerdtree/ui_glue.vim
279.288  000.122  000.122: sourcing /Users/samuelbernheim/.vim/plugged/nerdtree/nerdtree_plugin/exec_menuitem.vim
279.898  000.575  000.575: sourcing /Users/samuelbernheim/.vim/plugged/nerdtree/nerdtree_plugin/fs_menu.vim
280.195  021.878  017.808: sourcing /Users/samuelbernheim/.vim/plugged/nerdtree/plugin/NERD_tree.vim
285.229  004.926  004.926: sourcing /Users/samuelbernheim/.vim/plugged/nerdcommenter/plugin/NERD_commenter.vim
285.672  000.025  000.025: sourcing /Users/samuelbernheim/.vim/plugged/syntastic/plugin/syntastic/autoloclist.vim
285.718  000.016  000.016: sourcing /Users/samuelbernheim/.vim/plugged/syntastic/plugin/syntastic/balloons.vim
285.762  000.017  000.017: sourcing /Users/samuelbernheim/.vim/plugged/syntastic/plugin/syntastic/checker.vim
285.804  000.017  000.017: sourcing /Users/samuelbernheim/.vim/plugged/syntastic/plugin/syntastic/cursor.vim
285.848  000.019  000.019: sourcing /Users/samuelbernheim/.vim/plugged/syntastic/plugin/syntastic/highlighting.vim
285.891  000.018  000.018: sourcing /Users/samuelbernheim/.vim/plugged/syntastic/plugin/syntastic/loclist.vim
285.933  000.017  000.017: sourcing /Users/samuelbernheim/.vim/plugged/syntastic/plugin/syntastic/modemap.vim
285.976  000.018  000.018: sourcing /Users/samuelbernheim/.vim/plugged/syntastic/plugin/syntastic/notifiers.vim
286.021  000.019  000.019: sourcing /Users/samuelbernheim/.vim/plugged/syntastic/plugin/syntastic/registry.vim
286.066  000.019  000.019: sourcing /Users/samuelbernheim/.vim/plugged/syntastic/plugin/syntastic/signs.vim
287.189  000.873  000.873: sourcing /Users/samuelbernheim/.vim/plugged/syntastic/autoload/syntastic/util.vim
296.229  000.138  000.138: sourcing /Users/samuelbernheim/.vim/plugged/syntastic/plugin/syntastic/autoloclist.vim
296.387  000.119  000.119: sourcing /Users/samuelbernheim/.vim/plugged/syntastic/plugin/syntastic/balloons.vim
296.773  000.348  000.348: sourcing /Users/samuelbernheim/.vim/plugged/syntastic/plugin/syntastic/checker.vim
296.965  000.156  000.156: sourcing /Users/samuelbernheim/.vim/plugged/syntastic/plugin/syntastic/cursor.vim
297.129  000.131  000.131: sourcing /Users/samuelbernheim/.vim/plugged/syntastic/plugin/syntastic/highlighting.vim
297.690  000.528  000.528: sourcing /Users/samuelbernheim/.vim/plugged/syntastic/plugin/syntastic/loclist.vim
297.902  000.167  000.167: sourcing /Users/samuelbernheim/.vim/plugged/syntastic/plugin/syntastic/modemap.vim
298.035  000.103  000.103: sourcing /Users/samuelbernheim/.vim/plugged/syntastic/plugin/syntastic/notifiers.vim
298.840  000.775  000.775: sourcing /Users/samuelbernheim/.vim/plugged/syntastic/plugin/syntastic/registry.vim
299.139  000.221  000.221: sourcing /Users/samuelbernheim/.vim/plugged/syntastic/plugin/syntastic/signs.vim
300.232  014.140  010.581: sourcing /Users/samuelbernheim/.vim/plugged/syntastic/plugin/syntastic.vim
307.179  006.791  006.791: sourcing /Users/samuelbernheim/.vim/plugged/vim-easymotion/plugin/EasyMotion.vim
308.443  000.439  000.439: sourcing /Users/samuelbernheim/.vim/plugged/delimitMate/autoload/delimitMate.vim
311.219  003.891  003.452: sourcing /Users/samuelbernheim/.vim/plugged/delimitMate/plugin/delimitMate.vim
311.980  000.109  000.109: sourcing /Users/samuelbernheim/.vim/plugged/vim-gitgutter/autoload/gitgutter/highlight.vim
313.079  001.721  001.612: sourcing /Users/samuelbernheim/.vim/plugged/vim-gitgutter/plugin/gitgutter.vim
313.976  000.760  000.760: sourcing /usr/local/opt/fzf/plugin/fzf.vim
315.019  000.921  000.921: sourcing /Users/samuelbernheim/.vim/plugged/fzf.vim/plugin/fzf.vim
315.255  000.116  000.116: sourcing /Users/samuelbernheim/.vim/plugged/vim-trailing-whitespace/plugin/trailing-whitespace.vim
319.114  003.724  003.724: sourcing /Users/samuelbernheim/.vim/plugged/vim-fugitive/plugin/fugitive.vim
319.642  000.167  000.167: sourcing /Users/samuelbernheim/.vim/plugged/vim-airline/autoload/airline.vim
319.890  000.632  000.465: sourcing /Users/samuelbernheim/.vim/plugged/vim-airline/plugin/airline.vim
320.028  000.031  000.031: sourcing /Users/samuelbernheim/.vim/plugged/vim-airline-themes/plugin/airline-themes.vim
320.710  000.249  000.249: sourcing /Users/samuelbernheim/.vim/plugged/ctrlp.vim/autoload/ctrlp/mrufiles.vim
320.963  000.843  000.594: sourcing /Users/samuelbernheim/.vim/plugged/ctrlp.vim/plugin/ctrlp.vim
321.498  000.083  000.083: sourcing /usr/local/share/vim/vim80/plugin/getscriptPlugin.vim
321.867  000.337  000.337: sourcing /usr/local/share/vim/vim80/plugin/gzip.vim
322.158  000.256  000.256: sourcing /usr/local/share/vim/vim80/plugin/logiPat.vim
322.208  000.017  000.017: sourcing /usr/local/share/vim/vim80/plugin/manpager.vim
322.422  000.185  000.185: sourcing /usr/local/share/vim/vim80/plugin/matchparen.vim
323.071  000.615  000.615: sourcing /usr/local/share/vim/vim80/plugin/netrwPlugin.vim
323.139  000.021  000.021: sourcing /usr/local/share/vim/vim80/plugin/rrhelper.vim
323.209  000.033  000.033: sourcing /usr/local/share/vim/vim80/plugin/spellfile.vim
323.408  000.162  000.162: sourcing /usr/local/share/vim/vim80/plugin/tarPlugin.vim
323.554  000.105  000.105: sourcing /usr/local/share/vim/vim80/plugin/tohtml.vim
323.769  000.177  000.177: sourcing /usr/local/share/vim/vim80/plugin/vimballPlugin.vim
324.015  000.196  000.196: sourcing /usr/local/share/vim/vim80/plugin/zipPlugin.vim
324.025  003.272: loading plugins
324.207  000.182: loading packages
324.240  000.033: loading after plugins
324.249  000.009: inits 3
325.778  001.529: reading viminfo
325.810  000.032: setting raw mode
325.832  000.022: start termcap
327.728  001.896: clearing screen
329.042  000.302  000.302: sourcing /Users/samuelbernheim/.vim/plugged/syntastic/autoload/syntastic/log.vim
329.774  000.404  000.404: sourcing /Users/samuelbernheim/.vim/plugged/vim-airline/autoload/airline/extensions.vim
330.130  000.107  000.107: sourcing /Users/samuelbernheim/.vim/plugged/vim-airline/autoload/airline/extensions/quickfix.vim
330.407  000.069  000.069: sourcing /Users/samuelbernheim/.vim/plugged/vim-airline/autoload/airline/extensions/netrw.vim
330.728  000.124  000.124: sourcing /Users/samuelbernheim/.vim/plugged/vim-airline/autoload/airline/extensions/ctrlp.vim
331.095  000.145  000.145: sourcing /Users/samuelbernheim/.vim/plugged/vim-airline/autoload/airline/extensions/hunks.vim
331.750  000.422  000.422: sourcing /Users/samuelbernheim/.vim/plugged/vim-airline/autoload/airline/extensions/branch.vim
332.137  000.061  000.061: sourcing /Users/samuelbernheim/.vim/plugged/vim-airline/autoload/airline/extensions/syntastic.vim
332.539  000.092  000.092: sourcing /Users/samuelbernheim/.vim/plugged/vim-airline/autoload/airline/extensions/wordcount.vim
332.999  000.235  000.235: sourcing /Users/samuelbernheim/.vim/plugged/vim-airline/autoload/airline/extensions/tabline.vim
333.298  000.097  000.097: sourcing /Users/samuelbernheim/.vim/plugged/vim-airline/autoload/airline/extensions/tabline/autoshow.vim
333.802  000.180  000.180: sourcing /Users/samuelbernheim/.vim/plugged/vim-airline/autoload/airline/extensions/tabline/tabs.vim
334.336  000.295  000.295: sourcing /Users/samuelbernheim/.vim/plugged/vim-airline/autoload/airline/extensions/tabline/buffers.vim
334.778  000.204  000.204: sourcing /Users/samuelbernheim/.vim/plugged/vim-airline/autoload/airline/extensions/tabline/ctrlspace.vim
337.431  000.274  000.274: sourcing /Users/samuelbernheim/.vim/plugged/vim-airline/autoload/airline/highlighter.vim
339.110  000.114  000.114: sourcing /Users/samuelbernheim/.vim/plugged/vim-airline/autoload/airline/themes.vim
339.400  000.618  000.504: sourcing /Users/samuelbernheim/.vim/plugged/vim-airline-themes/autoload/airline/themes/bubblegum.vim
348.204  000.184  000.184: sourcing /Users/samuelbernheim/.vim/plugged/vim-airline/autoload/airline/util.vim
352.921  000.245  000.245: sourcing /Users/samuelbernheim/.vim/plugged/vim-airline/autoload/airline/builder.vim
353.671  000.245  000.245: sourcing /Users/samuelbernheim/.vim/plugged/vim-airline/autoload/airline/extensions/default.vim
381.491  049.460: opening buffers
387.411  000.299  000.299: sourcing /Users/samuelbernheim/.vim/plugged/vim-gitgutter/autoload/gitgutter.vim
387.933  000.322  000.322: sourcing /Users/samuelbernheim/.vim/plugged/vim-gitgutter/autoload/gitgutter/utility.vim
388.388  000.190  000.190: sourcing /Users/samuelbernheim/.vim/plugged/vim-gitgutter/autoload/gitgutter/hunk.vim
388.491  006.189: BufEnter autocommands
388.494  000.003: editing files in windows
395.404  000.367  000.367: sourcing /Users/samuelbernheim/.vim/plugged/nerdtree/syntax/nerdtree.vim
437.081  048.220: VimEnter autocommands
437.084  000.003: before starting main loop
437.781  000.098  000.098: sourcing /Users/samuelbernheim/.vim/plugged/vim-airline/autoload/airline/extensions/tabline/buflist.vim
438.158  000.100  000.100: sourcing /Users/samuelbernheim/.vim/plugged/vim-airline/autoload/airline/extensions/tabline/formatters/default.vim
485.450  048.168: first screen update
485.453  000.003: --- VIM STARTED ---


times in msec
 clock   self+sourced   self:  sourced script
 clock   elapsed:              other lines

000.014  000.014: --- VIM STARTING ---
000.102  000.088: Allocated generic buffers
000.364  000.262: locale set
000.368  000.004: clipboard setup
000.376  000.008: window checked
000.857  000.481: inits 1
000.861  000.004: parsing arguments
000.862  000.001: expanding arguments
004.249  003.387: shell init
004.492  000.243: Termcap init
004.508  000.016: inits 2
004.631  000.123: init highlight
006.575  001.678  001.678: sourcing /Users/samuelbernheim/.vim/autoload/plug.vim
026.093  000.051  000.051: sourcing /Users/samuelbernheim/.vim/plugged/vim-javascript-syntax/ftdetect/javascript.vim
026.215  017.178  017.127: sourcing /usr/local/share/vim/vim80/filetype.vim
026.384  000.039  000.039: sourcing /usr/local/share/vim/vim80/ftplugin.vim
026.537  000.033  000.033: sourcing /usr/local/share/vim/vim80/indent.vim
027.654  000.780  000.780: sourcing /usr/local/share/vim/vim80/syntax/syncolor.vim
027.750  001.005  000.225: sourcing /usr/local/share/vim/vim80/syntax/synload.vim
027.781  001.171  000.166: sourcing /usr/local/share/vim/vim80/syntax/syntax.vim
028.048  000.166  000.166: sourcing /usr/local/Cellar/vim/8.0.0425/share/vim/vim80/syntax/nosyntax.vim
028.431  000.138  000.138: sourcing /usr/local/share/vim/vim80/syntax/syncolor.vim
028.522  000.355  000.217: sourcing /usr/local/share/vim/vim80/syntax/synload.vim
028.551  000.715  000.194: sourcing /usr/local/share/vim/vim80/syntax/syntax.vim
028.795  000.159  000.159: sourcing /usr/local/Cellar/vim/8.0.0425/share/vim/vim80/syntax/nosyntax.vim
029.200  000.163  000.163: sourcing /usr/local/share/vim/vim80/syntax/syncolor.vim
029.290  000.377  000.214: sourcing /usr/local/share/vim/vim80/syntax/synload.vim
029.319  000.727  000.191: sourcing /usr/local/share/vim/vim80/syntax/syntax.vim
029.686  000.163  000.163: sourcing /usr/local/share/vim/vim80/syntax/syncolor.vim
030.103  000.162  000.162: sourcing /usr/local/share/vim/vim80/syntax/syncolor.vim
030.468  000.188  000.188: sourcing /usr/local/share/vim/vim80/syntax/syncolor.vim
032.957  003.218  002.868: sourcing /Users/samuelbernheim/.vim/colors/neodark.vim
033.542  000.118  000.118: sourcing /Users/samuelbernheim/.vim/plugged/vim-airline/autoload/airline/init.vim
034.042  000.123  000.123: sourcing /Users/samuelbernheim/.vim/plugged/vim-airline/autoload/airline/parts.vim
034.654  001.334  001.093: sourcing /Users/samuelbernheim/.vim/plugged/vim-airline/autoload/airline/section.vim
035.301  030.465  004.209: sourcing $HOME/.vimrc
035.306  000.210: sourcing vimrc file(s)
036.271  000.599  000.599: sourcing /Users/samuelbernheim/.vim/plugged/YouCompleteMe/autoload/youcompleteme.vim
255.192  219.755  219.156: sourcing /Users/samuelbernheim/.vim/plugged/YouCompleteMe/plugin/youcompleteme.vim
255.921  000.145  000.145: sourcing /Users/samuelbernheim/.vim/plugged/nerdtree/autoload/nerdtree.vim
257.152  000.529  000.529: sourcing /Users/samuelbernheim/.vim/plugged/nerdtree/lib/nerdtree/path.vim
257.337  000.120  000.120: sourcing /Users/samuelbernheim/.vim/plugged/nerdtree/lib/nerdtree/menu_controller.vim
257.476  000.081  000.081: sourcing /Users/samuelbernheim/.vim/plugged/nerdtree/lib/nerdtree/menu_item.vim
257.635  000.107  000.107: sourcing /Users/samuelbernheim/.vim/plugged/nerdtree/lib/nerdtree/key_map.vim
257.885  000.199  000.199: sourcing /Users/samuelbernheim/.vim/plugged/nerdtree/lib/nerdtree/bookmark.vim
258.167  000.227  000.227: sourcing /Users/samuelbernheim/.vim/plugged/nerdtree/lib/nerdtree/tree_file_node.vim
258.603  000.380  000.380: sourcing /Users/samuelbernheim/.vim/plugged/nerdtree/lib/nerdtree/tree_dir_node.vim
258.863  000.207  000.207: sourcing /Users/samuelbernheim/.vim/plugged/nerdtree/lib/nerdtree/opener.vim
259.153  000.237  000.237: sourcing /Users/samuelbernheim/.vim/plugged/nerdtree/lib/nerdtree/creator.vim
259.259  000.052  000.052: sourcing /Users/samuelbernheim/.vim/plugged/nerdtree/lib/nerdtree/flag_set.vim
259.462  000.143  000.143: sourcing /Users/samuelbernheim/.vim/plugged/nerdtree/lib/nerdtree/nerdtree.vim
259.867  000.326  000.326: sourcing /Users/samuelbernheim/.vim/plugged/nerdtree/lib/nerdtree/ui.vim
259.949  000.028  000.028: sourcing /Users/samuelbernheim/.vim/plugged/nerdtree/lib/nerdtree/event.vim
260.046  000.047  000.047: sourcing /Users/samuelbernheim/.vim/plugged/nerdtree/lib/nerdtree/notifier.vim
260.535  000.429  000.429: sourcing /Users/samuelbernheim/.vim/plugged/nerdtree/autoload/nerdtree/ui_glue.vim
276.189  000.127  000.127: sourcing /Users/samuelbernheim/.vim/plugged/nerdtree/nerdtree_plugin/exec_menuitem.vim
276.803  000.579  000.579: sourcing /Users/samuelbernheim/.vim/plugged/nerdtree/nerdtree_plugin/fs_menu.vim
277.051  021.694  017.731: sourcing /Users/samuelbernheim/.vim/plugged/nerdtree/plugin/NERD_tree.vim
282.082  004.923  004.923: sourcing /Users/samuelbernheim/.vim/plugged/nerdcommenter/plugin/NERD_commenter.vim
282.530  000.025  000.025: sourcing /Users/samuelbernheim/.vim/plugged/syntastic/plugin/syntastic/autoloclist.vim
282.576  000.017  000.017: sourcing /Users/samuelbernheim/.vim/plugged/syntastic/plugin/syntastic/balloons.vim
282.619  000.016  000.016: sourcing /Users/samuelbernheim/.vim/plugged/syntastic/plugin/syntastic/checker.vim
282.660  000.016  000.016: sourcing /Users/samuelbernheim/.vim/plugged/syntastic/plugin/syntastic/cursor.vim
282.703  000.018  000.018: sourcing /Users/samuelbernheim/.vim/plugged/syntastic/plugin/syntastic/highlighting.vim
282.745  000.017  000.017: sourcing /Users/samuelbernheim/.vim/plugged/syntastic/plugin/syntastic/loclist.vim
282.787  000.018  000.018: sourcing /Users/samuelbernheim/.vim/plugged/syntastic/plugin/syntastic/modemap.vim
282.829  000.018  000.018: sourcing /Users/samuelbernheim/.vim/plugged/syntastic/plugin/syntastic/notifiers.vim
282.877  000.023  000.023: sourcing /Users/samuelbernheim/.vim/plugged/syntastic/plugin/syntastic/registry.vim
282.923  000.020  000.020: sourcing /Users/samuelbernheim/.vim/plugged/syntastic/plugin/syntastic/signs.vim
283.916  000.782  000.782: sourcing /Users/samuelbernheim/.vim/plugged/syntastic/autoload/syntastic/util.vim
302.674  000.142  000.142: sourcing /Users/samuelbernheim/.vim/plugged/syntastic/plugin/syntastic/autoloclist.vim
302.841  000.107  000.107: sourcing /Users/samuelbernheim/.vim/plugged/syntastic/plugin/syntastic/balloons.vim
303.217  000.342  000.342: sourcing /Users/samuelbernheim/.vim/plugged/syntastic/plugin/syntastic/checker.vim
303.410  000.151  000.151: sourcing /Users/samuelbernheim/.vim/plugged/syntastic/plugin/syntastic/cursor.vim
303.571  000.130  000.130: sourcing /Users/samuelbernheim/.vim/plugged/syntastic/plugin/syntastic/highlighting.vim
304.124  000.521  000.521: sourcing /Users/samuelbernheim/.vim/plugged/syntastic/plugin/syntastic/loclist.vim
304.329  000.161  000.161: sourcing /Users/samuelbernheim/.vim/plugged/syntastic/plugin/syntastic/modemap.vim
304.461  000.102  000.102: sourcing /Users/samuelbernheim/.vim/plugged/syntastic/plugin/syntastic/notifiers.vim
304.998  000.508  000.508: sourcing /Users/samuelbernheim/.vim/plugged/syntastic/plugin/syntastic/registry.vim
305.159  000.117  000.117: sourcing /Users/samuelbernheim/.vim/plugged/syntastic/plugin/syntastic/signs.vim
306.346  023.398  020.335: sourcing /Users/samuelbernheim/.vim/plugged/syntastic/plugin/syntastic.vim
312.741  006.245  006.245: sourcing /Users/samuelbernheim/.vim/plugged/vim-easymotion/plugin/EasyMotion.vim
314.086  000.560  000.560: sourcing /Users/samuelbernheim/.vim/plugged/delimitMate/autoload/delimitMate.vim
316.889  004.004  003.444: sourcing /Users/samuelbernheim/.vim/plugged/delimitMate/plugin/delimitMate.vim
317.668  000.111  000.111: sourcing /Users/samuelbernheim/.vim/plugged/vim-gitgutter/autoload/gitgutter/highlight.vim
318.740  001.703  001.592: sourcing /Users/samuelbernheim/.vim/plugged/vim-gitgutter/plugin/gitgutter.vim
319.554  000.682  000.682: sourcing /usr/local/opt/fzf/plugin/fzf.vim
320.558  000.890  000.890: sourcing /Users/samuelbernheim/.vim/plugged/fzf.vim/plugin/fzf.vim
320.785  000.108  000.108: sourcing /Users/samuelbernheim/.vim/plugged/vim-trailing-whitespace/plugin/trailing-whitespace.vim
324.541  003.632  003.632: sourcing /Users/samuelbernheim/.vim/plugged/vim-fugitive/plugin/fugitive.vim
325.028  000.167  000.167: sourcing /Users/samuelbernheim/.vim/plugged/vim-airline/autoload/airline.vim
325.294  000.621  000.454: sourcing /Users/samuelbernheim/.vim/plugged/vim-airline/plugin/airline.vim
325.454  000.032  000.032: sourcing /Users/samuelbernheim/.vim/plugged/vim-airline-themes/plugin/airline-themes.vim
326.120  000.246  000.246: sourcing /Users/samuelbernheim/.vim/plugged/ctrlp.vim/autoload/ctrlp/mrufiles.vim
326.327  000.751  000.505: sourcing /Users/samuelbernheim/.vim/plugged/ctrlp.vim/plugin/ctrlp.vim
326.803  000.074  000.074: sourcing /usr/local/share/vim/vim80/plugin/getscriptPlugin.vim
327.122  000.287  000.287: sourcing /usr/local/share/vim/vim80/plugin/gzip.vim
327.408  000.254  000.254: sourcing /usr/local/share/vim/vim80/plugin/logiPat.vim
327.459  000.017  000.017: sourcing /usr/local/share/vim/vim80/plugin/manpager.vim
327.676  000.186  000.186: sourcing /usr/local/share/vim/vim80/plugin/matchparen.vim
328.331  000.622  000.622: sourcing /usr/local/share/vim/vim80/plugin/netrwPlugin.vim
328.405  000.025  000.025: sourcing /usr/local/share/vim/vim80/plugin/rrhelper.vim
328.477  000.033  000.033: sourcing /usr/local/share/vim/vim80/plugin/spellfile.vim
328.700  000.184  000.184: sourcing /usr/local/share/vim/vim80/plugin/tarPlugin.vim
328.845  000.103  000.103: sourcing /usr/local/share/vim/vim80/plugin/tohtml.vim
329.065  000.183  000.183: sourcing /usr/local/share/vim/vim80/plugin/vimballPlugin.vim
329.318  000.205  000.205: sourcing /usr/local/share/vim/vim80/plugin/zipPlugin.vim
329.331  003.226: loading plugins
329.462  000.131: loading packages
329.495  000.033: loading after plugins
329.503  000.008: inits 3
329.902  000.399: reading viminfo
329.927  000.025: setting raw mode
329.947  000.020: start termcap
331.782  001.835: clearing screen
333.061  000.301  000.301: sourcing /Users/samuelbernheim/.vim/plugged/syntastic/autoload/syntastic/log.vim
333.716  000.365  000.365: sourcing /Users/samuelbernheim/.vim/plugged/vim-airline/autoload/airline/extensions.vim
334.006  000.094  000.094: sourcing /Users/samuelbernheim/.vim/plugged/vim-airline/autoload/airline/extensions/quickfix.vim
334.292  000.075  000.075: sourcing /Users/samuelbernheim/.vim/plugged/vim-airline/autoload/airline/extensions/netrw.vim
334.631  000.121  000.121: sourcing /Users/samuelbernheim/.vim/plugged/vim-airline/autoload/airline/extensions/ctrlp.vim
334.977  000.134  000.134: sourcing /Users/samuelbernheim/.vim/plugged/vim-airline/autoload/airline/extensions/hunks.vim
335.640  000.432  000.432: sourcing /Users/samuelbernheim/.vim/plugged/vim-airline/autoload/airline/extensions/branch.vim
336.050  000.067  000.067: sourcing /Users/samuelbernheim/.vim/plugged/vim-airline/autoload/airline/extensions/syntastic.vim
336.400  000.090  000.090: sourcing /Users/samuelbernheim/.vim/plugged/vim-airline/autoload/airline/extensions/wordcount.vim
336.855  000.237  000.237: sourcing /Users/samuelbernheim/.vim/plugged/vim-airline/autoload/airline/extensions/tabline.vim
337.136  000.098  000.098: sourcing /Users/samuelbernheim/.vim/plugged/vim-airline/autoload/airline/extensions/tabline/autoshow.vim
337.608  000.168  000.168: sourcing /Users/samuelbernheim/.vim/plugged/vim-airline/autoload/airline/extensions/tabline/tabs.vim
338.110  000.294  000.294: sourcing /Users/samuelbernheim/.vim/plugged/vim-airline/autoload/airline/extensions/tabline/buffers.vim
338.542  000.198  000.198: sourcing /Users/samuelbernheim/.vim/plugged/vim-airline/autoload/airline/extensions/tabline/ctrlspace.vim
341.066  000.275  000.275: sourcing /Users/samuelbernheim/.vim/plugged/vim-airline/autoload/airline/highlighter.vim
342.730  000.111  000.111: sourcing /Users/samuelbernheim/.vim/plugged/vim-airline/autoload/airline/themes.vim
343.022  000.619  000.508: sourcing /Users/samuelbernheim/.vim/plugged/vim-airline-themes/autoload/airline/themes/bubblegum.vim
355.532  000.378  000.378: sourcing /Users/samuelbernheim/.vim/plugged/vim-airline/autoload/airline/util.vim
363.123  000.261  000.261: sourcing /Users/samuelbernheim/.vim/plugged/vim-airline/autoload/airline/builder.vim
363.664  000.161  000.161: sourcing /Users/samuelbernheim/.vim/plugged/vim-airline/autoload/airline/extensions/default.vim
389.859  053.709: opening buffers
394.895  000.291  000.291: sourcing /Users/samuelbernheim/.vim/plugged/vim-gitgutter/autoload/gitgutter.vim
395.330  000.303  000.303: sourcing /Users/samuelbernheim/.vim/plugged/vim-gitgutter/autoload/gitgutter/utility.vim
395.705  000.175  000.175: sourcing /Users/samuelbernheim/.vim/plugged/vim-gitgutter/autoload/gitgutter/hunk.vim
395.807  005.179: BufEnter autocommands
395.809  000.002: editing files in windows
405.332  000.399  000.399: sourcing /Users/samuelbernheim/.vim/plugged/nerdtree/syntax/nerdtree.vim
441.147  044.939: VimEnter autocommands
441.150  000.003: before starting main loop
441.926  000.101  000.101: sourcing /Users/samuelbernheim/.vim/plugged/vim-airline/autoload/airline/extensions/tabline/buflist.vim
442.384  000.114  000.114: sourcing /Users/samuelbernheim/.vim/plugged/vim-airline/autoload/airline/extensions/tabline/formatters/default.vim
482.915  041.550: first screen update
482.918  000.003: --- VIM STARTED ---
